<?xml version="1.0" encoding="UTF-8"?>
<!-- Generated by org.testng.reporters.JUnitReportReporter -->
<testsuite hostname="Deepak" failures="0" tests="2" name="com.framework.testng.testCases.TC_009_Factory" time="0.081" errors="0" timestamp="2024-09-20T17:43:27 IST" skipped="0">
  <testcase classname="com.framework.testng.testCases.TC_009_Factory" name="testMethod" time="0.079"/>
  <system-out/>
  <testcase classname="com.framework.testng.testCases.TC_009_Factory" name="testMethod" time="0.002"/>
  <system-out/>
</testsuite> <!-- com.framework.testng.testCases.TC_009_Factory -->
