<?xml version="1.0" encoding="UTF-8"?>
<!-- Generated by org.testng.reporters.JUnitReportReporter -->
<testsuite hostname="Deepak" failures="0" tests="10" name="com.framework.testng.testCases.TC_005_BookTicket" time="0.124" errors="0" timestamp="2024-09-19T17:03:14 IST" skipped="0">
  <testcase classname="com.framework.testng.testCases.TC_005_BookTicket" name="bookTicket" time="0.004"/>
  <system-out/>
  <testcase classname="com.framework.testng.testCases.TC_005_BookTicket" name="bookTicketTest" time="0.006"/>
  <system-out/>
  <testcase classname="com.framework.testng.testCases.TC_005_BookTicket" name="bookTicketTest" time="0.003"/>
  <system-out/>
  <testcase classname="com.framework.testng.testCases.TC_005_BookTicket" name="bookTicket" time="0.087"/>
  <system-out/>
  <testcase classname="com.framework.testng.testCases.TC_005_BookTicket" name="bookTicketTest" time="0.004"/>
  <system-out/>
  <testcase classname="com.framework.testng.testCases.TC_005_BookTicket" name="bookTicketTest" time="0.005"/>
  <system-out/>
  <testcase classname="com.framework.testng.testCases.TC_005_BookTicket" name="bookTicket" time="0.003"/>
  <system-out/>
  <testcase classname="com.framework.testng.testCases.TC_005_BookTicket" name="bookTicket" time="0.004"/>
  <system-out/>
  <testcase classname="com.framework.testng.testCases.TC_005_BookTicket" name="bookTicketTest" time="0.004"/>
  <system-out/>
  <testcase classname="com.framework.testng.testCases.TC_005_BookTicket" name="bookTicket" time="0.004"/>
  <system-out/>
</testsuite> <!-- com.framework.testng.testCases.TC_005_BookTicket -->
