<?xml version="1.0" encoding="UTF-8"?>
<!-- Generated by org.testng.reporters.JUnitReportReporter -->
<testsuite hostname="Deepak" failures="0" tests="2" name="com.framework.testng.testCases.TC_003_Login" time="0.020" errors="0" timestamp="2024-09-18T20:20:44 IST" skipped="1">
  <testcase classname="com.framework.testng.testCases.TC_003_Login" name="verifyPayment" time="0.020"/>
  <system-out/>
  <testcase classname="com.framework.testng.testCases.TC_003_Login" name="validateDate">
    <skipped/>
  </testcase> <!-- validateDate -->
  <system-out/>
</testsuite> <!-- com.framework.testng.testCases.TC_003_Login -->
