<?xml version="1.0" encoding="UTF-8"?>
<!-- Generated by org.testng.reporters.JUnitReportReporter -->
<testsuite hostname="Deepak" failures="0" tests="7" name="com.framework.testng.testCases.TC_004_Customer" time="0.108" errors="0" timestamp="2024-09-19T16:28:22 IST" skipped="0">
  <testcase classname="com.framework.testng.testCases.TC_004_Customer" name="BankSendAmountTest" time="0.005"/>
  <system-out/>
  <testcase classname="com.framework.testng.testCases.TC_004_Customer" name="BankSendAmountTest" time="0.003"/>
  <system-out/>
  <testcase classname="com.framework.testng.testCases.TC_004_Customer" name="BankSendAmountTest" time="0.084"/>
  <system-out/>
  <testcase classname="com.framework.testng.testCases.TC_004_Customer" name="BankSendAmountTest" time="0.004"/>
  <system-out/>
  <testcase classname="com.framework.testng.testCases.TC_004_Customer" name="createCustomerTest" time="0.003"/>
  <system-out/>
  <testcase classname="com.framework.testng.testCases.TC_004_Customer" name="modifyCustomerTest" time="0.005"/>
  <system-out/>
  <testcase classname="com.framework.testng.testCases.TC_004_Customer" name="deleteCustomerTest" time="0.004"/>
  <system-out/>
</testsuite> <!-- com.framework.testng.testCases.TC_004_Customer -->
