<?xml version="1.0" encoding="UTF-8"?>
<!-- Generated by org.testng.reporters.JUnitReportReporter -->
<testsuite hostname="Deepak" failures="0" tests="3" name="com.framework.testng.testCases.TC_006_CreateOrgTest" time="0.068" errors="0" timestamp="2024-09-19T17:05:50 IST" skipped="0">
  <testcase classname="com.framework.testng.testCases.TC_006_CreateOrgTest" name="CreateOrgWithRatingTest" time="0.006"/>
  <system-out/>
  <testcase classname="com.framework.testng.testCases.TC_006_CreateOrgTest" name="CreateOrgWithIndustriesTest" time="0.007"/>
  <system-out/>
  <testcase classname="com.framework.testng.testCases.TC_006_CreateOrgTest" name="CreateOrgTest" time="0.055"/>
  <system-out/>
</testsuite> <!-- com.framework.testng.testCases.TC_006_CreateOrgTest -->
